\BOOKMARK [1][-]{section.1}{\376\377\000I\000n\000t\000r\000o\000d\000u\000c\000t\000i\000o\000n}{}% 1
\BOOKMARK [1][-]{section.2}{\376\377\000P\000r\000o\000b\000l\000e\000m\000\040\000F\000o\000r\000m\000u\000l\000a\000t\000i\000o\000n}{}% 2
\BOOKMARK [2][-]{subsection.2.1}{\376\377\000P\000a\000r\000a\000m\000e\000t\000e\000r\000s}{section.2}% 3
\BOOKMARK [2][-]{subsection.2.2}{\376\377\000R\000o\000b\000o\000t\000s}{section.2}% 4
\BOOKMARK [2][-]{subsection.2.3}{\376\377\000T\000i\000m\000e\000\040\000H\000o\000r\000i\000z\000o\000n}{section.2}% 5
\BOOKMARK [2][-]{subsection.2.4}{\376\377\000V\000a\000r\000i\000a\000b\000l\000e\000s}{section.2}% 6
\BOOKMARK [2][-]{subsection.2.5}{\376\377\000C\000o\000n\000s\000t\000r\000a\000i\000n\000t\000s}{section.2}% 7
\BOOKMARK [3][-]{subsubsection.2.5.1}{\376\377\000R\000o\000b\000o\000t\000\040\000C\000a\000n\000\040\000O\000n\000l\000y\000\040\000B\000e\000\040\000a\000t\000\040\000O\000n\000e\000\040\000C\000e\000l\000l\000\040\000A\000t\000\040\000a\000\040\000T\000i\000m\000e}{subsection.2.5}% 8
\BOOKMARK [3][-]{subsubsection.2.5.2}{\376\377\000M\000o\000v\000e\000m\000e\000n\000t\000\040\000R\000e\000s\000t\000r\000i\000c\000t\000e\000d\000\040\000t\000o\000\040\000F\000r\000e\000e\000\040\000C\000e\000l\000l\000s}{subsection.2.5}% 9
\BOOKMARK [3][-]{subsubsection.2.5.3}{\376\377\000M\000o\000v\000e\000m\000e\000n\000t\000\040\000t\000o\000\040\000A\000d\000j\000a\000c\000e\000n\000t\000\040\000C\000e\000l\000l\000s\000\040\000O\000n\000l\000y}{subsection.2.5}% 10
\BOOKMARK [3][-]{subsubsection.2.5.4}{\376\377\000C\000o\000l\000l\000i\000s\000i\000o\000n\000\040\000A\000v\000o\000i\000d\000a\000n\000c\000e}{subsection.2.5}% 11
\BOOKMARK [3][-]{subsubsection.2.5.5}{\376\377\000P\000o\000s\000i\000t\000i\000o\000n\000\040\000S\000w\000i\000t\000c\000h\000i\000n\000g\000\040\000P\000r\000o\000h\000i\000b\000i\000t\000i\000o\000n}{subsection.2.5}% 12
\BOOKMARK [2][-]{subsection.2.6}{\376\377\000O\000b\000j\000e\000c\000t\000i\000v\000e}{section.2}% 13
\BOOKMARK [1][-]{section.3}{\376\377\000R\000e\000s\000u\000l\000t\000s}{}% 14
\BOOKMARK [2][-]{subsection.3.1}{\376\377\000B\000a\000s\000i\000c\000\040\000S\000c\000e\000n\000a\000r\000i\000o}{section.3}% 15
\BOOKMARK [1][-]{section.4}{\376\377\000I\000m\000p\000l\000e\000m\000e\000n\000t\000a\000t\000i\000o\000n\000\040\000D\000e\000t\000a\000i\000l\000s}{}% 16
\BOOKMARK [2][-]{subsection.4.1}{\376\377\000C\000l\000a\000s\000s\000e\000s\000\040\000a\000n\000d\000\040\000D\000a\000t\000a\000\040\000S\000t\000r\000u\000c\000t\000u\000r\000e\000s}{section.4}% 17
\BOOKMARK [2][-]{subsection.4.2}{\376\377\000W\000a\000r\000e\000h\000o\000u\000s\000e\000P\000a\000t\000h\000P\000l\000a\000n\000n\000e\000r\000\040\000C\000l\000a\000s\000s}{section.4}% 18
\BOOKMARK [2][-]{subsection.4.3}{\376\377\000C\000o\000d\000e\000\040\000C\000o\000m\000m\000e\000n\000t\000a\000r\000y}{section.4}% 19
\BOOKMARK [2][-]{subsection.4.4}{\376\377\000W\000a\000r\000e\000h\000o\000u\000s\000e\000P\000a\000t\000h\000P\000l\000a\000n\000n\000e\000r\000\040\000C\000l\000a\000s\000s\000\040\000O\000v\000e\000r\000v\000i\000e\000w}{section.4}% 20
